#! /c/Source/iverilog-install/bin/vvp
:ivl_version "12.0 (devel)" "(s20150603-1539-g2693dd32b)";
:ivl_delay_selection "TYPICAL";
:vpi_time_precision - 12;
:vpi_module "C:\iverilog\lib\ivl\system.vpi";
:vpi_module "C:\iverilog\lib\ivl\vhdl_sys.vpi";
:vpi_module "C:\iverilog\lib\ivl\vhdl_textio.vpi";
:vpi_module "C:\iverilog\lib\ivl\v2005_math.vpi";
:vpi_module "C:\iverilog\lib\ivl\va_math.vpi";
S_00000205d7c56590 .scope module, "tb" "tb" 2 3;
 .timescale -9 -12;
v00000205d7c56720_0 .var "clk", 0 0;
v00000205d7c567c0_0 .var "count", 3 0;
v00000205d7c56860_0 .var "rst", 0 0;
v00000205d7c56900_0 .var "toggle", 0 0;
E_00000205d7c5c420 .event posedge, v00000205d7c56720_0;
    .scope S_00000205d7c56590;
T_0 ;
    %pushi/vec4 0, 0, 1;
    %store/vec4 v00000205d7c56720_0, 0, 1;
T_0.0 ;
    %delay 5000, 0;
    %load/vec4 v00000205d7c56720_0;
    %inv;
    %store/vec4 v00000205d7c56720_0, 0, 1;
    %jmp T_0.0;
    %end;
    .thread T_0;
    .scope S_00000205d7c56590;
T_1 ;
    %pushi/vec4 1, 0, 1;
    %store/vec4 v00000205d7c56860_0, 0, 1;
    %pushi/vec4 0, 0, 1;
    %store/vec4 v00000205d7c56900_0, 0, 1;
    %pushi/vec4 0, 0, 4;
    %store/vec4 v00000205d7c567c0_0, 0, 4;
    %vpi_call 2 22 "$dumpfile", "wave.vcd" {0 0 0};
    %vpi_call 2 23 "$dumpvars", 32'sb00000000000000000000000000000000, S_00000205d7c56590 {0 0 0};
    %delay 12000, 0;
    %pushi/vec4 0, 0, 1;
    %store/vec4 v00000205d7c56860_0, 0, 1;
    %delay 100000, 0;
    %vpi_call 2 29 "$finish" {0 0 0};
    %end;
    .thread T_1;
    .scope S_00000205d7c56590;
T_2 ;
    %wait E_00000205d7c5c420;
    %load/vec4 v00000205d7c56860_0;
    %flag_set/vec4 8;
    %jmp/0xz  T_2.0, 8;
    %pushi/vec4 0, 0, 4;
    %assign/vec4 v00000205d7c567c0_0, 0;
    %pushi/vec4 0, 0, 1;
    %assign/vec4 v00000205d7c56900_0, 0;
    %jmp T_2.1;
T_2.0 ;
    %load/vec4 v00000205d7c567c0_0;
    %addi 1, 0, 4;
    %assign/vec4 v00000205d7c567c0_0, 0;
    %load/vec4 v00000205d7c56900_0;
    %inv;
    %assign/vec4 v00000205d7c56900_0, 0;
T_2.1 ;
    %jmp T_2;
    .thread T_2;
# The file index is used to find the file name in the following table.
:file_names 3;
    "N/A";
    "<interactive>";
    "tb_alu.v";
