#! /c/Source/iverilog-install/bin/vvp
:ivl_version "12.0 (devel)" "(s20150603-1539-g2693dd32b)";
:ivl_delay_selection "TYPICAL";
:vpi_time_precision - 12;
:vpi_module "C:\iverilog\lib\ivl\system.vpi";
:vpi_module "C:\iverilog\lib\ivl\vhdl_sys.vpi";
:vpi_module "C:\iverilog\lib\ivl\vhdl_textio.vpi";
:vpi_module "C:\iverilog\lib\ivl\v2005_math.vpi";
:vpi_module "C:\iverilog\lib\ivl\va_math.vpi";
S_0000018f7d106480 .scope module, "tb" "tb" 2 3;
 .timescale -9 -12;
v0000018f7d106610_0 .var "clk", 0 0;
v0000018f7d1066b0_0 .var "count", 3 0;
v0000018f7d106750_0 .var "rst", 0 0;
v0000018f7d1067f0_0 .var "toggle", 0 0;
E_0000018f7d10c480 .event posedge, v0000018f7d106610_0;
    .scope S_0000018f7d106480;
T_0 ;
    %pushi/vec4 0, 0, 1;
    %store/vec4 v0000018f7d106610_0, 0, 1;
T_0.0 ;
    %delay 5000, 0;
    %load/vec4 v0000018f7d106610_0;
    %inv;
    %store/vec4 v0000018f7d106610_0, 0, 1;
    %jmp T_0.0;
    %end;
    .thread T_0;
    .scope S_0000018f7d106480;
T_1 ;
    %pushi/vec4 1, 0, 1;
    %store/vec4 v0000018f7d106750_0, 0, 1;
    %pushi/vec4 0, 0, 1;
    %store/vec4 v0000018f7d1067f0_0, 0, 1;
    %pushi/vec4 0, 0, 4;
    %store/vec4 v0000018f7d1066b0_0, 0, 4;
    %vpi_call 2 19 "$dumpfile", "wave.vcd" {0 0 0};
    %vpi_call 2 20 "$dumpvars", 32'sb00000000000000000000000000000000, S_0000018f7d106480 {0 0 0};
    %delay 12000, 0;
    %pushi/vec4 0, 0, 1;
    %store/vec4 v0000018f7d106750_0, 0, 1;
    %delay 100000, 0;
    %vpi_call 2 24 "$finish" {0 0 0};
    %end;
    .thread T_1;
    .scope S_0000018f7d106480;
T_2 ;
    %wait E_0000018f7d10c480;
    %load/vec4 v0000018f7d106750_0;
    %flag_set/vec4 8;
    %jmp/0xz  T_2.0, 8;
    %pushi/vec4 0, 0, 4;
    %assign/vec4 v0000018f7d1066b0_0, 0;
    %pushi/vec4 0, 0, 1;
    %assign/vec4 v0000018f7d1067f0_0, 0;
    %jmp T_2.1;
T_2.0 ;
    %load/vec4 v0000018f7d1066b0_0;
    %addi 1, 0, 4;
    %assign/vec4 v0000018f7d1066b0_0, 0;
    %load/vec4 v0000018f7d1067f0_0;
    %inv;
    %assign/vec4 v0000018f7d1067f0_0, 0;
T_2.1 ;
    %jmp T_2;
    .thread T_2;
# The file index is used to find the file name in the following table.
:file_names 3;
    "N/A";
    "<interactive>";
    "tb_alu.v";
